Arguments: 
  /usr/local/bin/node /usr/local/Cellar/yarn/1.9.4/libexec/bin/yarn.js add --dev babel-cli babel-preset-env

PATH: 
  /Users/chege/.rbenv/bin:/usr/local/bin:/usr/bin:/bin:/usr/sbin:/sbin:/Library/Frameworks/Python.framework/Versions/3.7/bin

Yarn version: 
  1.9.4

Node version: 
  8.11.4

Platform: 
  darwin x64

Trace: 
  Error: https://registry.yarnpkg.com/babel-cli: ETIMEDOUT
      at Timeout._onTimeout (/usr/local/Cellar/yarn/1.9.4/libexec/lib/cli.js:138128:19)
      at ontimeout (timers.js:498:11)
      at tryOnTimeout (timers.js:323:5)
      at Timer.listOnTimeout (timers.js:290:5)

npm manifest: 
  {
    "name": "books-api",
    "version": "1.0.0",
    "main": "index.js",
    "license": "MIT",
    "scripts": {
      "start": "node src/index.js"
    }
  }

yarn manifest: 
  No manifest

Lockfile: 
  No lockfile
